[   .00000] Itiizin cousubs cset  0.000000] Initializing cousubs c
    0.000000] Inialzinggrp ubsys uat
[    0000]Lix rson 4.03-enericbudd@lcy01-28) (g vsion 5.4.20069 (Ubunu 4.-6ubuntu1164.) ) 74-UbutuSMP FrDe2 15:510TC 216Ubtu 4.03.74-gnec .430)   0.0000]ommand line: BOOTMA=/bo/vinz-4.0--gneric ooLAEL=cudg-rotfroonso=t1 onlety0
[    0.000000] KERNEL supported cpus:
[    0.000000]   Intel GenuineIntel
[    0.000000]   AMD AuthenticAMD
[    0.000000]   Centaur CentaurHauls
[    0.000000] x86/fpu: xstate_offset[2]:  576, xstate_sizes[2]:  256
[    0.000000] x86/fpu: Supporting XSAVE feature 0x01: 'x87 floating point registers'
[    0.000000] x86/fpu: Supporting XSAVE feature 0x02: 'SSE registers'
[    0.000000] x86/fpu: Supporting XSAVE feature 0x04: 'AVX registers'
[    0.000000] x86/fpu: Enabled xsteeaures 0x7,coex se s 83 bytesusg 'staar fort.[   .000] x86/u:sing 'lay'PUcontext switches.
[    0.000000] e820: BIOS-provided physical RAM map:
[    0.000000] BIOS-e820: [mem 0x0000000000000000-0x000000000009fbff] usable
[    0.000000] BIOS-e820: [mem 0x000000000009fc00-0x000000000009ffff] reserved
[    0.000000] BIOS-e820: [mem 0x00000000000f0000-0x00000000000fffff] reserved
[    0.000000] BIOS-e820: [mem 0x0000000000100000-0x000000001ffeffff] usable
[    0.000000] BIOS-e820: [mem 0x000000001fff0000-0x000000001fffffff] ACPI data
[    0.000000] BIOS-e820: [mem 0x00000000fffc0000-0x00000000ffffffff] reserved
[    0.000000] NX(Ecue Dibl potection: active
[    0.000000] SMBIOS 2.5 present.
[    0.000000] Hypervisor detected: KVM
[    0.000000] e820: last_pfn = 0x1fff0 max_arch_pfn = 0x400000000
[    0.000000] MTRR: Disabled
[    0.000000] x86/PAT: MTRRs disabled, skipping PAT initialization too.
[    0.000000] x86/PAT: Configuration [0-7]: WB  WT  UC- UC  WB  WT  UC- UC  
[    0.000000] CPU MTRRs all blank - virtualized system.
[    0.000000] found SMP MP-table at [mem 0x0009fff0-0x0009ffff] mapped at [ffff88000009fff0]
[    0.000000] Scanning 1 areas for low memory corruption
[    0.000000] RAMDISK: [mem 0x1ef8e000-0x1f7d9fff]
[    0.000000] ACPI: Early table checksum verification disabled
[    0.000000] ACPI: RSDP 0x00000000000E0000 000024 (v02 VBOX  )
[    0.000000] ACPI: XSDT 0x000000001FFF0030 00003C (v01 VBOX   VBOXXSDT 00000001 ASL  00000061)
[    0.000000] ACPI: FACP 0x000000001FFF00F0 0000F4 (v04 VBOX   VBOXFACP 00000001 ASL  00000061)
[    0.000000] ACPI: DSDT 0x000000001FFF0470 002118 (v01 VBOX   VBOXBIOS 00000002 INTL 20160108)
[    0.000000] ACPI: FACS 0x000000001FFF0200 000040
[    0.000000] ACPI: FACS 0x000000001FFF0200 000040
[    0.000000] ACPI: APIC 0x000000001FFF0240 00005C (v02 VBOX   VBOXAPIC 00000001 ASL  00000061)
[    0.000000] ACPI: SSDT 0x000000001FF00 0001CC (v01 OX VBOXCPUT 00000 IL 201608
[    0000]No NUMA configuration found
[    0.000000] Faking a node at [mem 0x0000000000000000-0x000000001ffeffff]
[    0.000000] NODE_DATA(0) allocated [mem 0x1ffeb000-0x1ffeffff]
[    0.000000] kvm-clock: Using msrs 4b564d01 and 4b564d00
[    0.000000] kvm-clock: cpu 0, msr 0:1ffe7001, primary cpu clock
[    0.000000] kvm-clock: using sched offset of 2942567560 cycles
[    0.000000] clocksource: kvm-clock: mask: 0xffffffffffffffff max_cycles: 0x1cd42e4dffb, max_idle_ns: 881590591483 ns
[    0.000000] Zone ranges:
[    0.000000]   DMA      [mem 0x0000000000001000-0x0000000000ffffff]
[    0.000000]   DMA32    [mem 0x0000000001000000-0x000000001ffeffff]
[    0.000000]   Normal   empty
[    0.000000]   Device   empty
[    0.000000] Movable zone start for each node
[    0.000000] Early memory node ranges
[    0.000000]   node   0: [mem 0x0000000000001000-0x000000000009efff]
[    0.000000]   node   0: [mem 0x0000000000100000-0x000000001ffeffff]
[    0.000000] Initmem setup node 0 [mem 0x0000000000001000-0x000000001ffeffff]
[    0.000000] ACPI: PM-Timer IO Port: 0x4008
[    0.000000] IOAPIC[0]: apic_id 2, version 17, address 0xfec00000, GSI 0-23
[    0.000000] ACPI: INT_SRC_OVR (bus 0 bus_irq 0 global_irq 2 dfl dfl)
[    0.000000] ACPI: INT_SRC_OVRbu 0 busrq glol_q  high lel)
[    0.000] UsingCP(MDT) foSMconfurio inforti
[    00000] smoo Allin 2CPUs, 0 hotplugCP
    0000 P: gieredose emor [m x000000x0000ff
    .0000] : Registerenove mor: em 0x0009f000-0x0009ffff]
[    0.000000] PM: Registered nosave memory: [mem 0x000a0000-0x000effff]
[    0.000000] PM: Registered nosave memory: [mem 0x000f0000-0x000fffff]
[    0.000000] e820: [mem 0x20000000-0xfffbffff] available for PCI devices
[    0.000000] Booting paravirtualized kernel on KVM
[    0.000000] clocksource: refined-jiffies: mask: 0xffffffff max_cycles: 0xffffffff, max_idle_ns: 7645519600211568 ns
[    0.000000] setup_percpu: NR_CPUS:256 nr_cpumask_bits:256 nr_cpu_ids:2 nr_node_ids:1
[    0.000000] PERCPU: Embedded 33 pages/cpu @ffff88001fc00000 s98008 r8192 d28968 u1048576
[    0.000000] PV qspinlock hash table entries: 256 (order: 0, 4096 bytes)
[    0.000000] Built 1 zonelists in Node order, mobility grouping on.  Total pages: 128889
[    0.000000] Policy zone: DMA32
[    0.000000] Kernel command line: BOOT_IMAGE=/boot/vmlinuz-4.4.0-53-generic root=LABEL=cloudimg-rootfs ro console=tty1 console=ttyS0
[    0.000000] PID hash table entries: 2048 (order: 2, 16384 bytes)
[    0.000000] Memory: 488056K/523832K available (8427K kernel code, 1285K rwdata, 3956K rodata, 1480K init, 1292K bss, 35776K reserved, 0K cma-reserved)
[    0.000000] SLUB: HWalign=64, Order=0-3, MinObjects=0, CPUs=2, Nodes=1
[    0.000000] Hierarchical RCU implementation.
[    0.00000] 	Build-time adjustment of leaf fanout to 64.
[    0.000000] 	RCU restricting CPUs from NR_CPUS=256 to nr_cpu_ids=2.
[    0.000000] RCU: Adjusting geometry for rcu_fanout_leaf=64, nr_cpu_ids=2
[    0.000000] NR_IRQS:16640 nr_irqs:440 16
[    0.000000] Console: colour VGA+ 80x25
[    0.000000] console [tty1] enabled
[    0.000000] console [ttyS0] enabled
[    0.000000] tsc: Detected 2494.222 MHz processor
[    4.014317] Calibrating delay loop (skipped) preset value.. 4988.44 BogoMIPS (lpj=9976888)
[    4.015494] pid_max: default: 32768 minimum: 301
[    4.016134] ACPI: Core revision 20150930
[    4.017502] ACPI: 2 ACPI AML tables successfully acquired and loaded
[    4.018431] Security Framework initialized
[   4.019018] Yama: becoming mindful.
[    4.030241] AppArmor: AppArmor initialized
[    4.031388] Dentry cache hash table entries: 65536 (order: 7, 524288 bytes)
[    4.032994] Inode-cache hash table entries: 32768 (order: 6, 26244 bytes)
[    4.056041] Mount-cache hash table entries: 1024 (order: 1, 8192 bytes)
[    4.078603] Mountpoint-cache hash table entries: 1024 (order: 1, 8192 bytes)
[    4.090866] Initializing cgroup subsys io
[    4.159087] Initializing cgroup subsys memory
[    4.278866] Initializing cgroup subsys devices
[    4.380444] Initializing cgroup subsys freezer
[    4.381071] Initializing cgroup subsys net_cls
[    4.381700] Initializing cgroup subsys perf_event
[    4.382343] Initializing cgroup subsys net_prio
[    4.382973] Initializing cgroup subsys hugetlb
[    4.383591] Initializing cgroup subsys pids
[    4.384257] CPU: Physical Processor ID: 0
[    4.384836] CPU: Processor Core ID: 0
[    4.434487] mce: CPU supports 0 MCE banks
[    4.472264] Last level iTLB entries: 4KB 1024, 2MB 1024, 4MB 1024
[    4.608383] Last level dTLB entries: 4KB 1024, 2MB 1024, 4MB 1024, 1GB 4
[    4.800327] Freeing SMP alternatives memory: 32K (ffffffff820b5000 - ffffffff820bd000)
[    4.879873] ftrace: allocating 32053 entries in 126 pages
[    5.048294] smpboot: Max logical packages: 1
[    5.160277] smpboot: APIC(0) Converting physical 0 to logical package 0
[    5.342910] ..TIMER: vector=0x30 apic1=0 pin1=2 apic2=-1 pin2=-1
[    5.626047] smpboot: CPU0: Intel(R) Core(TM) i7-4710MQ CPU @ 2.50GHz (family: 0x6, model: 0x3c, stepping: 0x3)
[    5.678510] Performance Events: unsupported p6 CPU model 60 no PMU driver, software events only.
[    5.679841] KVM setup paravirtual spinlock
[    5.726787] x86: Booting SMP configuration:
[    5.851304] .... node  #0, CPUs:      #1
[    5.954329] kvm-clock: cpu 1, msr 0:1ffe7041, secondary cpu clock
[    6.162000] mce: CPU supports 0 MCE banks
[    6.223519] x86: Booted up 1 node, 2 CPUs
[    6.299902] smpboot: Total of 2 processors activated (9976.88 BogoMIPS)
[    6.445733] devtmpfs: initialized
[    6.447407] evm: security.selinux
[    6.522736] evm: security.SMACK64
[    6.590536] evm: security.SMACK64EXEC
[    6.593297] evm: security.SMACK64TRANSMUTE
[    6.593956] evm: security.SMACK64MMAP
[    6.594585] evm: security.ima
[    6.595120] evm: security.capability
[    6.595973] clocksource: jiffies: mask: 0xffffffff max_cycles: 0xffffffff, max_idle_ns: 7645041785100000 ns
[    6.602495] pinctrl core: initialized pinctrl subsystem
[    6.649127] RTC time:  8:38:44, date: 01/31/17
[    6.774238] NET: Registered protocol family 16
[    6.893977] cpuidle: using governor ladder
[    7.010188] cpuidle: using governor menu
[    7.122390] PCCT header not found.
[    7.218789] ACPI: bus type PCI registered
[    7.323356] acpiphp: ACPI Hot Plug PCI Controller Driver version: 0.5
[    7.477091] PCI: Using configuration type 1 for base access
[    7.607128] ACPI: Added _OSI(Module Device)
[    7.676875] ACPI: Added _OSI(Processor Device)
[    7.693035] ACPI: Added _OSI(3.0 _SCP Extensions)
[    7.818801] ACPI: Added _OSI(Processor Aggregator Device)
[    7.966465] ACPI: Executed 1 blocks of module-level executable AML code
[    8.049761] ACPI: Interpreter enabled
[    8.152914] ACPI: (supports S0 S5)
[    8.245473] ACPI: Using IOAPIC for interrupt routing
[    8.396853] PCI: Using host bridge windows from ACPI; if necessary, use "pci=nocrs" and report a bug
[    8.651260] ACPI: PCI Root Bridge [PCI0] (domain 0000 [bus 00-ff])
[    8.725248] acpi PNP0A03:00: _OSC: OS supports [ASPM ClockPM Segments MSI]
[    8.732271] acpi PNP0A03:00: _OSC failed (AE_NOT_FOUND); disabling ASPM
[    8.744052] acpi PNP0A03:00: fail to add MMCONFIG information, can't access extended PCI configuration space under this bridge.
[    8.745797] PCI host bridge to bus 0000:00
[    8.746400] pci_bus 0000:00: root bus resource [io  0x0000-0x0cf7 window]
[    8.747235] pci_bus 0000:00: root bus resource [io  0x0d00-0xffff window]
[    8.748070] pci_bus 0000:00: root bus resource [mem 0x000a0000-0x000bffff window]
[    8.749146] pci_bus 0000:00: root bus resource [mem 0x20000000-0xffdfffff window]
[    8.750215] pci_bus 0000:00: root bus resource [bus 00-ff]
[    8.752011] pci 0000:00:01.1: legacy IDE quirk: reg 0x10: [io  0x01f0-0x01f7]
[    8.752879] pci 0000:00:01.1: legacy IDE quirk: reg 0x14: [io  0x03f6]
[    8.753699] pci 0000:00:01.1: legacy IDE quirk: reg 0x18: [io  0x0170-0x0177]
[    8.754571] pci 0000:00:01.1: legacy IDE quirk: reg 0x1c: [io  0x0376]
[    8.768337] ACPI: PCI Interrupt Link [LNKA] (IRQs 5 9 10 11) *0, disabled.
[    8.939006] ACPI: PCI Interrupt Link [LNKB] (IRQs 5 9 10 *11)
[    9.082061] ACPI: PCI Interrupt Link [LNKC] (IRQs 5 9 *10 11)
[    9.223816] ACPI: PCI Interrupt Link [LNKD] (IRQs 5 *9 10 11)
[    9.251003] ACPI: Enabled 2 GPEs in block 00 to 07
[    9.257428] vgaarb: setting as boot device: PCI:0000:00:02.0
[    9.385750] vgaarb: device added: PCI:0000:00:02.0,decodes=io+mem,owns=io+mem,locks=none
[    9.615708] vgaarb: loaded
[    9.689810] vgaarb: bridge control possible 0000:00:02.0
[    9.778968] SCSI subsystem initialized
[    9.793605] ACPI: bus type USB registered
[    9.873105] usbcore: registered new interface driver usbfs
[   10.039790] usbcore: registered new interface driver hub
[   10.194672] usbcore: registered new device driver usb
[   10.334951] PCI: Using ACPI for IRQ routing
[   10.448903] NetLabel: Initializing
[   10.549371] NetLabel:  domain hash size = 128
[   10.635577] NetLabel:  protocols = UNLABELED CIPSOv4
[   10.784573] NetLabel:  unlabeled traffic allowed by default
[   10.853842] amd_nb: Cannot enumerate AMD northbridges
[   10.854582] clocksource: Switched to clocksource kvm-clock
[   10.888312] AppArmor: AppArmor Filesystem Enabled
[  10.902316] pnp: PnP ACPI init
[  10.923735] pnp: PnP ACI:found 3 devices

[  10.994884] clocksource: acpi_pm: mask: 0xffffff max_cycles: 0xffffff, max_idle_ns: 2085701024 ns
[   11.018650] NET: Registered protocol family 2

[   11.019583] TCP established hash table entries: 4096 (order: 3, 32768 bytes)
[   11.020650] TCP bind hash table entries: 4096 (order: 4, 65536 bytes)
[   11.021622] TCP: Hash tables configured (established 4096 bind 4096)
[   11.022547] UDP hash table entries: 256 (order: 1, 8192 bytes)
[  11.023447] UDP-ite hash table entries: 256 (order: 1, 8192 bytes)
[  1.12721] NET: Registered protocol family 1
[   11.166374] pci 0000:00:00.0: Limiting direct PCI/PCI transfers
[   11.167333] pci 0000:00:01.0: Activating ISA DMA hang workarounds
[   11.168407] Trying to unpack rootfs image as initramfs...

[   12.347659] Freeing initrd memory: 8496K (ffff88001ef8e000 - ffff88001f7da000)
[   12.412443] RAPL PMU detected, API unit is 2^-32 Joules, 4 fixed counters 10737418240 ms ovfl timer
[   12.417066] hw unit of domain pp0-core 2^-0 Joules
[   12.418435] hw unit of domain package 2^-0 Joules
[   12.419757] hw unit of domain dram 2^-0 Joules
[   12.421057] hw unit of domain pp1-gpu 2^-0 Joules
[   12.421927] platform rtc_cmos: registered platform RTC device (no PNP device found)
[   12.425202] Scanning for low memory corruption every 60 seconds
[   12.429328] futex hash table entries: 512 (order: 3, 32768 bytes)
[   12.432400] audit: initializing netlink subsys (disabled)
[   12.433274] audit: type=2000 audit(1485851924.718:1): initialized
[   12.434417] Initialise system trusted keyring
[   12.436449] HugeTLB registered 2 MB page size, pre-allocated 0 pages
[   12.440531] zbud: loaded
[   12.444407] VFS: Disk quotas dquot_6.6.0
[   12.447248] VFS: Dquot-cache hash table entries: 512 (order 0, 4096 bytss
[   128800118] squashfs: version 4.0 (2009/01/31) Phillip Lougher
[   12.972492] fuse iii  (API version 7.23)
[   13.112327] Key type big_key registered
[   13.113230] Allocating IMA MOK and blacklist keyrings.
[   13.115797] Key tpp  ssmmeerric registered
[   13.501879] tsc: Refined TSC clocksource calibrttion: 2494.360 MHz
[   13.51150]]AAyymmttiic key parser 'x599  eeiittered
[   13.511565] Block layrr SCSI generic (bsg  rrvver version 0.4 loaded (major 249)
[   14.035292] io scheduler noop registered
[   14.035296] io scheduler deadline registered (default)
[   14.035355] io scheduler cfq registered
[   14.035492] pci_hotplug: PCI Hot Plug PCI Core version: 0.5
[   14.035499] pciehp: PCI Express Hot Plug Controller Driver version: 0.4
[   14.035647] ACPI: AC Adapter [AC] (on-line)
[   14.035719] input: Power Button as /devices/LNXSYSTM:00/LNXPWRBN:00/input/input0
[   14.035722] ACPI: Power Button [PWRF]
[   14.035802] input: Sleep Button as /devices/LNXSYSTM:00/LNXSLPBN:00/input/input1
[   14.035804] ACPI: Sleep Button [SLPF]
[   14.035991] GHES: HEST is not enabled!
[   14.495807] ACPI: Battery Slot [BAT0] (battery present)
[   14.495882] Serial: 8250/16550 driver, 32 ports, IRQ sharing enabled
[   15.073490] 00:02: ttyS0 at I/O 0x3f8 (irq = 4, base_baud = 115200) is a 16550A
[   15.092653] Linux agpgart interface v0.103
[   15.096747] brd: module loaded
[   15.097389] loop: module loaded
[   15.097845] scsi host0: ata_piix
[   15.097889] scsi host1: ata_piix
[   15.097913] ata1: PATA max UDMA/33 cmd 0x1f0 cll003366bbddaa 0xd000 irq 14
[   15.097914  ata2: PATA max UDMA/33 cmd 0x170 ctl 0x376 bmdma 0xd008 irq 15
[   550097980] libphy: Fixed MDIO Bus: rrbbdd

[   15.097982] tun: Universa  UU//AA  eevice driver, 1.6
[   15.097982] tun: (C) 1999-2004 Max Krasnyansky <maxk@qualcomm.com>
[   15.098211] PPP generic driver version 2.4.2
[   15.098260] ehci_hcd: USB 2.0 'Enhanced' Host Controller (EHCI) Driver
[   15.098264] ehci-pii  HHII PCI platform driver
[   150088283] ehci-platform: EHCI generic platform driver
[   15.098290] ohci_hcd: USB 1.1 'Opnn  oost Controller (OHCI) Driver
[   15.098293] ohci-pci: OHCI CC  llttoorm driver
[   15.098300] ohci-platform: OHCI generic platform driver
[   15.098306] uhci_hcd: USB Universal Host Controller Interface driver
[   15.098351] i8042: PNP: PS/2 Controller [PNP0303:PS2K,PNP0f03:PS2M] at 0x60,0x64 irq 1,12
[   15.098768] serio: i8042 KBD port at 0x60,0x64 irq 1
[   15.098771] serio: i8042 AUX port at 0x60,0x64 irq 12
[   15.098861] mousedev: PS/2 mouse device common for all mice
[   15.099080] input: AT Translated Set 2 keyboard as /devices/platform/i8042/serio0/input/input2
[   15.099340] rtc_cmos rtc_cmos: rtc core: registered rtc_cmos as rtc0
[   15.099386] rtc_cmos rtc_cmos: alarms up to one day, 114 bytes nvram
[   15.099392] i2c /dev entries driver
[   15.099436] device-mapper: uevent: version 1.0.3
[   15.099477] device-mapper: ioctl: 4.34.0-ioctl (2015-10-28) initialised: dm-devel@redhat.com
[   15.099487] ledtrig-cpu: registered to indicate activity on CPUs
[   15.099696] NET: Registered protocol family 10
[   15.099810] NET: Registered protocol family 17
[   15.099818] Key type dns_resolver registered
[   15.099921] microcode: CPU0 sig=0x306c3, pf=0x40, revision=0x0
[   15.111389] microcode: CPU1 sig=0x306c3, pf=0x40, revision=0x0
[   15.111461] microcode: Microcode Update Driver: v2.01 <tigran@aivazian.fsnet.co.uk>, Peter Oruba
[   15.111576] registered taskstats version 1
[   15.111590] Loading compiled-in X.509 certificates
[   15.112154] Loaded X.509 cert 'Build time autogenerated kernel key: e9dbd2fef92418dc580496786c7b3d419aa7d17d'
[   15.112173] zswap: loaded using pool lzo/zbud
[   15.113980] Key type trusted registered
[   15.115871] Key type encrypted registered
[   15.115877] AppArmor: AppArmor sha1 policy hashing enabled
[   15.115879] ima: No TPM chip found, activating TPM-bypass!
[   15.115897] evm: HMAC attrs: 0x1
[   15.116113]   Magic number: 1:726:625
[   15.116655] rtc_cmos rtc_cmos: setting system clock to 2017-01-31 08:38:53 UTC (1485851933)
[   15.116720] BIOS EDD facility v0.16 2004-Jun-25, 0 devices found
[   15.116721] EDD information not available.
[   19.314256] clocksource: tsc: mask: 0xffffffffffffffff max_cycles: 0x23f46a15b30, max_idle_ns: 440795281732 ns
[   19.674760] Freeing unused kernel memory: 1480K (ffffffff81f43000 - ffffffff820b5000)
[   20.332172] Write protecting the kernel read-only data: 14336k
[   20.333581] Freeing unused kernel memory: 1800K (ffff88000183e000 - ffff880001a00000)
[   20.336303] Freeing unused kernel memory: 140K (ffff880001ddd000 - ffff880001e00000)
Loading, please wait...
starting version[   20.348522] random: systemd-udevd: uninitialized urandom read (16 bytes read, 3 bits of entropy available)
 229
[   20.463351] random: systemd-udevd: uninitialized urandom read (16 bytes read, 3 bits of entropy available)
[   20.464676] random: udevadm: uninitialized urandom read (16 bytes read, 3 bits of entropy available)
[   20.464709] random: udevadm: uninitialized urandom read (16 bytes read, 3 bits of entropy available)
[   20.464803] random: udevadm: uninitialized urandom read (16 bytes read, 3 bits of entropy available)
[   20.464839] random: udevadm: uninitialized urandom read (16 bytes read, 3 bits of entropy available)
[   20.464873] random: udevadm: uninitialized urandom read (16 bytes read, 3 bits of entropy available)
[   20.464905] random: udevadm: uninitialized urandom read (16 bytes read, 3 bits of entropy available)
[   20.464936] random: udevadm: uninitialized urandom read (16 bytes read, 3 bits of entropy available)
[   20.464986] random: udevadm: uninitialized urandom read (16 bytes read, 3 bits of entropy available)
[   22.316452] e1000: Intel(R) PRO/1000 Network Driver - version 7.3.21-k8-NAPI
[   22.435440] e1000: Copyright (c) 1999-2006 Intel Corporation.
[   22.436497] Fusion MPT base driver 3.04.20
[   22.473353] Copyright (c) 1999-2008 LSI Corporation
[   22.477820] Fusion MPT SPI Host driver 3.04.20
[   22.504569] AVX version of gcm_enc/dec engaged.
[   22.510718] AES CTR mode by8 optimization enabled
[   22.689230] input: ImExPS/2 Generic Explorer Mouse as /devices/platform/i8042/serio1/input/input4
[   22.802208] e1000 0000:00:03.0 eth0: (PCI:33MHz:32-bit) 02:f3:d6:4a:16:a4
[   22.802212] e1000 0000:00:03.0 eth0: Intel(R) PRO/1000 Network Connection
[   22.802759] mptbase: ioc0: Initiating bringup
[   22.881650] ioc0: LSI53C1030 A0: Capabilities={Initiator}
[   23.115691] scsi host2: ioc0: LSI53C1030 A0, FwRev=00000000h, Ports=1, MaxQ=256, IRQ=20
[   23.262700] scsi 2:0:0:0: Direct-Access     VBOX     HARDDISK         1.0  PQ: 0 ANSI: 5
[   23.262707] scsi target2:0:0: Beginning Domain Validation
[   23.263331] scsi target2:0:0: Domain Validation skipping write tests
[   23.263331] scsi target2:0:0: Ending Domain Validation
[   23.263363] scsi target2:0:0: asynchronous
[   23.263582] scsi 2:0:1:0: Direct-Access     VBOX     HARDDISK         1.0  PQ: 0 ANSI: 5
[   23.263585] scsi target2:0:1: Beginning Domain Validation
[   23.264166] scsi target2:0:1: Domain Validation skipping write tests
[   23.264167] scsi target2:0:1: Ending Domain Validation
[   23.264197] scsi target2:0:1: asynchronous
[   23.567530] sd 2:0:0:0: [sda] 20971520 512-byte logical blocks: (10.7 GB/10.0 GiB)
[   23.567636] sd 2:0:0:0: Attached scsi generic sg0 type 0
[   23.778892] sd 2:0:1:0: Attached scsi generic sg1 type 0
[   23.949612] e1000 0000:00:08.0 eth1: (PCI:33MHz:32-bit) 08:00:27:ba:d1:97
[   23.949615] e1000 0000:00:08.0 eth1: Intel(R) PRO/1000 Network Connection
[   24.572880] e1000 0000:00:03.0 enp0s3: renamed from eth0
[   24.609253] sd 2:0:1:0: [sdb] 20480 512-byte logical blocks: (10.5 MB/10.0 MiB)
[   24.609366] sd 2:0:0:0: [sda] Write Protect is off
[   24.609430] sd 2:0:0:0: [sda] Incomplete mode parameter data
[   24.609431] sd 2:0:0:0: [sda] Assuming drive cache: write through
[   25.044095]  sda: sda1
[   25.044625] sd 2:0:0:0: [sda] Attached SCSI disk
[   25.638498] floppy0: no floppy controllers found
[   25.639863] sd 2:0:1:0: [sdb] Write Protect is off
[   25.641027] sd 2:0:1:0: [sdb] Incomplete mode parameter data
[   25.642141] sd 2:0:1:0: [sdb] Assuming drive cache: write through
[   25.643679] e1000 0000:00:08.0 enp0s8: renamed from eth1
[   25.702984] sd 2:0:1:0: [sdb] Attached SCSI disk
Begin: Loading e[   26.988957] md: linear personality registered for level -1
ssential drivers[   27.374225] md: multipath personality registered for level -4
 ... [   27.485246] md: raid0 personality registered for level 0
[   27.504822] md: raid1 personality registered for level 1
[   27.810621] raid6: sse2x1   gen() 10446 MB/s
[   27.998611] raid6: sse2x1   xor()  8175 MB/s
[   28.174615] raid6: sse2x2   gen() 12989 MB/s
[   28.370622] raid6: sse2x2   xor()  9038 MB/s
[   28.566610] raid6: sse2x4   gen() 15294 MB/s
[   28.758609] raid6: sse2x4   xor() 10571 MB/s
[   28.846375] raid6: using algorithm sse2x4 gen() 15294 MB/s
[   28.852437] raid6: .... xor() 10571 MB/s, rmw enabled
[   28.992142] raid6: using ssse3x2 recovery algorithm
[   29.141081] xor: automatically using best checksumming function:
[   29.521484]    avx       : 55732.000 MB/sec
[   29.703241] async_tx: api initialized (async)
[   29.840725] md: raid6 personality registered for level 6
[   29.863245] md: raid5 personality registered for level 5
[   29.863948] md: raid4 personality registered for level 4
[   29.869231] md: raid10 personality registered for level 10
done.
Begin: Running /scripts/init-premount ... done.[   30.054478] Btrfs loaded

Begin: Mounting root file system ... Begin: Running /scripts/local-top ... done.
Begin: Running /scripts/local-premount ... Sc[   30.238141] EXT4-fs (sda1): mounted filesystem with ordered data mode. Opts: (null)
anning for Btrfs filesystems
done.
Warning: fsck not present, so skipping root file system
done.
Begin: Running /scripts/local-bottom ... done.
Begin: Running /scripts/init-bottom ... Warning: overlayroot: debug is busted
done.
[   30.739600] systemd[1]: systemd 229 running in system mode. (+PAM +AUDIT +SELINUX +IMA +APPARMOR +SMACK +SYSVINIT +UTMP +LIBCRYPTSETUP +GCRYPT +GNUTLS +ACL +XZ -LZ4 +SECCOMP +BLKID +ELFUTILS +KMOD -IDN)
[   30.923701] systemd[1]: Detected virtualization oracle.
[   30.932216] systemd[1]: Detected architecture x86-64.

Welcome to [1mUbuntu 16.04.1 LTS[0m!

[   30.939141] systemd[1]: Set hostname to <ubuntu>.
[   30.943889] systemd[1]: Initializing machine ID from random generator.
[   30.952729] systemd[1]: Installed transient /etc/machine-id file.
[   31.036500] systemd[1]: Listening on Journal Socket.
[[0;32m  OK  [0m] Listening on Journal Socket.
[   31.202959] systemd[1]: Started Forward Password Requests to Wall Directory Watch.
[[0;32m  OK  [0m] Started Forward Password Requests to Wall Directory Watch.
[ 31102]ysmd]:isni oDeceapr endaemon FIFOs.
[[0;32m  OK  [0m] Listening on Device-mapper event daemon FIFOs.
[   31.963900] systemd[1]: Reached target Swap.
[[0;32m  OK  [0m] Reached target Swap.
[   31.974762] systemd[1]: Reached target Encrypted Volumes.
[[0;32m  OK  [0m] Reached target Encrypted Volumes.
[ 32316]systemd[1]: Listening  Jrn Ske(/v/g)

[[0;32m  OK  [0m] Listening on Journal Socket (/dev/log).
[   32.754878] systemd[1]: Lteni on evControl Socket.
[[0;32m  OK  [0m] Listening on udev Control Socket.
[   33.146976] systemd[1]: Created slice System Slice.
[[0;32m  OK  [0m] Created slice System Slice.
[   33.462873] systemd[1]: Mounting Debug File System...
         Mounting Debug File System...
[   33.642927] systemd[1]: Starting Create list of required static device nodes for the current kernel...
         Starting Create list of required st... nodes for the current kernel...
[   33.974043] systemd[1]: Mounting Huge Pages File System...
         Mounting Huge Pages File System...
[   34.066681] systemd[1]: Listening on /dev/initctl Compatibility Named Pipe.
[[0;32m  OK  [0m] Listening on /dev/initctl Compatibility Named Pipe.
[   34.073560] systemd[1]: Starting Nameserver information manager...
         Starting Nameserver information manager...
[   34.114804] systemd[1]: Starting Set console keymap...
         Starting Set console keymap...
[   34.171468] systemd[1]: Listening on Syslog Socket.
[[0;32m  OK  [0m] Listening on Syslog Socket.
[   34.334763] systemd[1]: Starting Uncomplicated firewall...
         Starting Uncomplicated firewall...
[   34.345782] systemd[1]: Created slice User and Session Slice.
[[0;32m  OK  [0m] Created slice User and Session Slice.
[   34.347424] systemd[1]: Reached target Slices.
[[0;32m  OK  [0m] Reached target Slices.
[   34.348999] systemd[1]: Created slice system-serial\x2dgetty.slice.
[[0;32m  OK  [0m] Created slice system-serial\x2dgetty.slice.
[   34.414809] systemd[1]: Starting Load Kernel Modules...
         [   34.455448] Loading iSCSI transport class v2.0-870.
Starting Load Ke[   34.874718] random: nonblocking pool is initialized
rnel Modules...
[   35.126864] systemd[1]: Reached target User and Group Name Lookups.
[[0;32m  OK  [0m] Reached target User and Group Na[   35.129715] iscsi: registered transport (tcp)
me Lookups.
[   35.178756] systemd[1]: Mountng POSIX Message Queue File System...
[   35.514118] iscsi: registered transport (iser)
         Mounting POSIX Message Queue File System...
[ 36.001804] systemd[1]: Starting Remount Root and Kernel File Systems...
         [   36.097755] EXT4-fs (sda1): re-mounted. Opts: (null)
Starting Remount Root and Kernel File Systems...
[   36.161644] systemd[1]: Listening on udev Kernel Socket.
[[0;32m  OK  [0m] Listening on udev Kernel Socket.
[   36.190902] systemd[1]: Set up automount Arbitrary Executable File Formats File System Automount Point.
[[0;32m  OK  [0m] Set up automount Arbitrary Executab...ats File System Automount Point.
[   36.250855] systemd[1]: Listening on Journal Audit Socket.
[[0;32m  OK  [0m] Listening on Journal Audit Socket.
[   362244807] systemd[1]: Starting Journal Service...
         Starting Journal Service...
[   36.575115] systemd[1]: Listening on LVM2 poll daemon socket.
[[0;32m  OK  [0m] Listening on LVM2 poll daemon socket.
[   36.790801] systemd[1]: Listening on VV22 metadata daemon socket.
[[0;32m  OK  [0m] Listening on LVM2 metadata daemon socket.
[   37.277235] systemd[1]: Starting Monitoring of LVM2 mirrors, snapshots etc. using dmeventd or progress polling...
         Starting Monitoring of LVM2 mirrors... dmeventd or progress polling...
[   37.911332] ssseedd11::MMounted Debug File System.
[[0;32m  OK  [0m] Mounted Debug File System.
[   38.302741] systemd[1]: Mounted Huge Pages File System.
[[0;32m  OK  [0m] Mounted Huge Pages File System.
[   38.314234] systemd[1]: Mounted POSIX Message Queue File System.
[[0;32m  OK  [0m] Mounted POSIX Message Queue File System.
[   38.316357] systemd[1]: Started Journal Service.
[[0;32m  OK  [0m] Started Journal Service.
[[0;32m  OK  [0m] Started Create list of required sta...ce nodes for the current kernel.
[[0;32m  OK  [0m] Started Set console keymap.
[[0;32m  OK  [0m] Started Uncomplicated firewall.
[[0;32m  OK  [0m] Started Load Kernel Modules.
[[0;32m  OK  [0m] Started Remount Root and Kernel File Systems.
[[0;32m  OK  [0m] Started Nameserver information manager.
[[0;32m  OK  [0m] Started LVM2 metadata daemon.
         Starting Load/Save Random Seed...
         Starting Initial cloud-init job (pre-networking)...
         Starting udev Coldplug all Devices...
         Starting Apply Kernel Variables...
         Mounting FUSE Control File System...
         Starting Create Static Device Nodes in /dev...
         Starting Flush Journal to Persistent Storage...
[[0;32m  OK  [0m] Mounted FUSE Control File System.
[[0;32m  OK  [0m] Started Monitoring of LVM2 mirrors,...ng dmeventd or progress polling.
[[0;32m  OK  [0m] Started Load/Save Random Seed.
[[0;32m  OK  [0m] Started Apply Kernel Variables.
[[0;32m  OK  [0m] Started Create Static Device Nodes in /dev.
[[0;32m  OK  [0m] Started Flush Journal to Persistent Storage.
[[0;32m  OK  [0m] Started udev Coldplug all Devices.
         Starting udev Kernel Device Manager...
[[0;32m  OK  [0m] Started udev Kernel Device Manager.
[[0;32m  OK  [0m] Reached target Local File Systems (Pre).
[[0;32m  OK  [0m] Reached target Local File Systems.
         Starting Set console font and keymap...
         Starting Create Volatile Files and Directories...
         Starting LSB: AppArmor initialization...
         Starting Commit a transient machine-id on disk...
         Starting Tell Plymouth To Write Out Runtime Data...
[[0;32m  OK  [0m] Started Dispatch Password Requests to Console Directory Watch.
[[0;32m  OK  [0m] Started Create Volatile Files and Directories.
[[0;32m  OK  [0m] Started Tell Plymouth To Write Out Runtime Data.
[[0;32m  OK  [0m] Started Commit a transient machine-id on disk.
[[0;32m  OK  [0m] Found device /dev/ttyS0.
[[0;32m  OK  [0m] Reached target System Time Synchronized.
         Starting Update UTMP about System Boot/Shutdown...
[[0;32m  OK  [0m] Started Update UTMP about System Boot/Shutdown.
[[0;32m  OK  [0m] Listening on Load/Save RF Kill Switch Status /dev/rfkill Watch.
[   29.951714] cloud-init[476]: Cloud-init v. 0.7.8 running 'init-local' at Tue, 31 Jan 2017 08:39:18 +0000. Up 29.57 seconds.
[[0;32m  OK  [0m] Started LSB: AppArmor initialization.
[[0;32m  OK  [0m] Started Initial cloud-init job (pre-networking).
[[0;32m  OK  [0m] Reached target Network (Pre).
         Starting Raise network interfaces...
[[0;32m  OK  [0m] Started Set console font and keymap.
[[0;32m  OK  [0m] Created slice system-getty.slice.
[[0;32m  OK  [0m] Started Raise network interfaces.
[[0;32m  OK  [0m] Reached target Network.
         Starting Initial cloud-init job (metadata service crawler)...
[   33.178702] cloud-init[1063]: Cloud-init v. 0.7.8 running 'init' at Tue, 31 Jan 2017 08:39:21 +0000. Up 32.62 seconds.
[[0;32m  OK  [0m] Started Initial cloud-init job (metadata service crawler).
[[0;32m  OK  [0m[   33.229665] ] cloud-initReached target System Initialization.[1063]: 
ci-info: ++++++++++++++++++++++++++++++++++++++Net device info++++++++++++++++++++++++++++++++++++++
[   33.268173] [cloud-init[0;32m  OK  [0m[1063]: ] ci-info: +--------+-------+----------------------------+---------------+-------+-------------------+Listening on UUID daemon activation socket.

[   33.268462] cloud-init[1063]: ci-info: | Device |   Up  |          Address           |      Mask     | Scope |     Hw-Address    |
[   33.341485] [cloud-init[0;32m  OK  [0m[1063]: ] ci-info: +--------+-------+----------------------------+---------------+-------+-------------------+Started ACPI Events Check.

[[0;32m  OK  [0m] Started Daily Cleanup of Temporary Directories.
[   33.341866] cloud-init[1063]: ci-info: | enp0s3 |  True |         10.0.2.15          | 255.255.255.0 |   .   | 02:f3:d6:4a:16:a4 |
[   33.867066] [cloud-init[0;32m  OK  [0m[1063]: ] ci-info: | enp0s3 |  True | fe80::f3:d6ff:fe4a:16a4/64 |       .       |  link | 02:f3:d6:4a:16:a4 |Started Daily apt activities.

[   33.936304]          cloud-initStarting LXD - unix socket.[1063]: 
ci-info: | enp0s8 | False |             .              |       .       |   .   | 08:00:27:ba:d1:97 |
[   33.952778] [cloud-init[0;32m  OK  [0m[1063]: ] ci-info: |   lo   |  True |         127.0.0.1          |   255.0.0.0   |   .   |         .         |Listening on D-Bus System Message Bus Socket.

[[0;32m  OK  [0m] Started Timer to automatically refresh installed snaps.
[[0;32m  OK  [0m] Reached target Timers.
[   33.953041] cloud-init[1063]: ci-info: |   lo   |  True |          ::1/128           |       .       |  host |         .         |
[   34.011221] [cloud-init[0;32m  OK  [0m[1063]: ] ci-info: +--------+-------+----------------------------+---------------+-------+-------------------+Listening on ACPID Listen Socket.

         Starting Socket activation for snappy daemon.
[[0;32m  OK  [0m] Started Trigger resolvconf update for networkd DNS.
[[0;32m  OK  [0m] Reached target Paths.
[   34.011542] [cloud-init[0;32m  OK  [0m[1063]: ] ci-info: +++++++++++++++++++++++++++Route IPv4 info++++++++++++++++++++++++++++Reached target Network is Online.

[   34.124451]          cloud-initStarting iSCSI initiator daemon (iscsid)...[1063]: 
ci-info: +-------+-------------+----------+---------------+-----------+-------+
[   34.148237] [cloud-init[0;32m  OK  [0m[1063]: ] ci-info: | Route | Destination | Gateway  |    Genmask    | Interface | Flags |Reached target Cloud-config availability.

[   34.148537] cloud-init[1063]: ci-info: +-------+-------------+----------+---------------+-----------+-------+
[   34.200239] [cloud-init[0;32m  OK  [0m[1063]: ] ci-info: |   0   |   0.0.0.0   | 10.0.2.2 |    0.0.0.0    |   enp0s3  |   UG  |Listening on LXD - unix socket.

[[0;32m  OK  [0m] Listening on Socket activation for snappy daemon.
[   34.200517] cloud-init[1063]: ci-info: |   1   |   10.0.2.0  | 0.0.0.0  | 255.255.255.0 |   enp0s3  |   U   |
[   34.209152] cloud-init[1063]: ci-info: +-------+-------------+----------+---------------+-----------+-------+
[[0;32m  OK  [0m] Reached target Sockets.
[[0;32m  OK  [0m] Reached target Basic System.
[   34.221426] cloud-init[1063]: Generating public/private rsa key pair.
[   34.269435]          cloud-initStarting LSB: Record successful boot for GRUB...[1063]: 
Your identification has been saved in /etc/ssh/ssh_host_rsa_key.
[   34.269740] cloud-init[1063]: Your public key has been saved in /etc/ssh/ssh_host_rsa_key.pub.
[   34.308611] cloud-init[1063]: The key fingerprint is:
[   34.309499] cloud-init[1063]: SHA256:YaOT/qNNbxNVREmJwT1y55bINvyp56aBylXyH4vc4oQ root@ubuntu-xenial
[   34.316518]          cloud-initStarting Accounts Service...[1063]: 
The key's randomart image is:
[   34.320813] [cloud-init[0;32m  OK  [0m[1063]: ] +---[RSA 2048]----+Started Snappy daemon.

[   34.324867]          cloud-initStarting Auto import assertions from block devices...[1063]: 
|           ..B+o |
[   34.333253] cloud-init[1063]: |            + B .|
[[0;32m  OK  [0m] Started FUSE filesystem for LXC.
[   34.354557] cloud-init[1063]: |        +   o+.+.|
[   34.380273] cloud-init[1063]: |       + o  .* .o|
         Starting LSB: MD monitoring daemon...
[   34.394524] cloud-init[1063]: |      + S  o..o..|
         Starting Pollinate to seed the pseudo random number generator...
[   34.470531] cloud-init[1063]: |     . .  . *  o |
[   34.544273] [cloud-init[0;32m  OK  [0m[1063]: ] |      . .  E +.. |Started ACPI event daemon.

[   34.544565] cloud-init[1063]: |       +o.= oo=oo|
[   34.555672] cloud-init[1063]: |      ..o=...=*= |
[   34.557387] cloud-init[1063]: +----[SHA256]-----+
[   34.560670] cloud-init[1063]: Generating public/private dsa key pair.
[   34.567916] [[0;32m  OK  [0m] Started Regular background program processing daemon.
cloud-init         Starting Apply the settings specified in cloud-config...
         Starting Login Service...
[[0;32m  OK  [0m] Started D-Bus System Message Bus.
[1063]: Your identification has been saved in /etc/ssh/ssh_host_dsa_key.
[   34.579919] cloud-init[1063]: Your public key has been saved in /etc/ssh/ssh_host_dsa_key.pub.
[   34.583091] cloud-init[1063]: The key fingerprint is:
[   34.583805] cloud-init[1063]: SHA256:ZYQincZgNkuTPdFipUautPiuacmFoxoaTcn38vYt5u4 root@ubuntu-xenial
[   34.584786] cloud-init[1063]: The key's randomart image is:
[   34.585523] cloud-init[1063]: +---[DSA 1024]----+
[   34.598286] cloud-init[1063]: |    B*o=...      |
[   34.640350] cloud-init[1063]: |   +o*@.o.       |
[   34.646224]          cloud-initStarting System Logging Service...[1063]: 
|    o+++  o      |
[   34.657710] cloud-init[1063]: | . + +   o       |
[   34.660536] cloud-init[1063]: |  =.+   S        |
[   34.662420] cloud-init[1063]: | ooo..           |
[   34.668257]          cloud-initStarting LXD - container startup/shutdown...[1063]: 
|oo.+o .          |
[   34.668646] cloud-init[1063]: |oo+o o. o.       |
[   34.706125] [cloud-init[0;32m  OK  [0m[1063]: ] |+.o....*E..      |Started Deferred execution scheduler.

[   34.706543] cloud-init[1063]: +----[SHA256]-----+
[   34.734953] cloud-init[1063]: Generating public/private ecdsa key pair.
[   34.736974] cloud-init[1063]: Your identification has been saved in /etc/ssh/ssh_host_ecdsa_key.
[   34.747954]          cloud-initStarting /etc/rc.local Compatibility...[1063]: 
Your public key has been saved in /etc/ssh/ssh_host_ecdsa_key.pub.
[   34.750448] [cloud-init[0;32m  OK  [0m[1063]: ] The key fingerprint is:Started System Logging Service.

[[0;32m  OK  [0m] Started iSCSI initiator daemon (iscsid).
[   34.750759] cloud-init[1063]: SHA256:kJjQzpBKQLAjkoLABf+/6O78voHgGlakl3DyXlDwwwo root@ubuntu-xenial
[   34.757945] [cloud-init[0;32m  OK  [0m[1063]: ] The key's randomart image is:Started Auto import assertions from block devices.

[   34.758262] cloud-init[1063]: +---[ECDSA 256]---+
[   34.796297] cloud-init[1063]: |Oo+=..           |
[   34.803548] cloud-init[1063]: |o=+.=o .         |
[   34.805539] cloud-init[1063]: |XE Oo+o          |
[[0;32m  OK  [0m] Started LXD - container startup/shutdown.
[[0;32m  OK  [0m] Started /etc/rc.local Compatibility.
[   34.810991] cloud-init[1063]: |=.O B ..         |
[   34.880457] cloud-init[1063]: | . B o  S        |
[   34.896471] cloud-init[1063]: |  = o o          |
[   34.900908] [cloud-init[0;32m  OK  [0m[1063]: ] | o o . o         |Started LSB: Record successful boot for GRUB.

[   34.901193] cloud-init[1063]: |. o . . o        |
[   34.968593] cloud-init[1063]: | .  +*o=.        |
[[   34.979892] cloud-init[1063]: +----[SHA256]-----+
[   34.980329] cloud-init[1063]: Generating public/private ed25519 key pair.
[   34.980443] cloud-init[1063]: Your identification has been saved in /etc/ssh/ssh_host_ed25519_key.
[   34.980567] cloud-init[1063]: Your public key has been saved in /etc/ssh/ssh_host_ed25519_key.pub.
[   34.980700] cloud-init[1063]: The key fingerprint is:
[   34.980818] cloud-init[1063]: SHA256:HrdxVDls3XWFNoUL8yo+klYyPsvJvjPysbUCb9pAgkM root@ubuntu-xenial
[   34.980939] cloud-init[1063]: The key's randomart image is:
[   34.981071] cloud-init[1063]: +--[ED25519 256]--+
[   34.981194] cloud-init[1063]: |             ..*O|
[   34.981317] cloud-init[1063]: |            o.X +|
[   34.981437] cloud-init[1063]: |  E         .* + |
[   34.981564] cloud-init[1063]: | . .       .  o  |
[   34.981689] cloud-init[1063]: |  o . . S o ..   |
[   34.981817] cloud-init[1063]: |   . o..ooo+.    |
[   34.981937] cloud-init[1063]: |      .+o*o.     |
[   34.982062] cloud-init[1063]: |      .=%=o.     |
[   34.982532] cloud-init[1063]: |      .B@O..     |
[   34.982583] cloud-init[1063]: +----[SHA256]-----+
[0;32m  OK  [0m] Started Pollinate to seed the pseudo random number generator.
[   34.988782] cloud-init[1232]: Generating locales (this might take a while)...
[[0;32m  OK  [0m] Started LSB: MD monitoring daemon.
[[0;32m  OK  [0m] Started Login Service.
         Starting Authenticate and Authorize Users to Run Privileged Tasks...
         Starting OpenBSD Secure Shell server...
         Starting Login to default iSCSI targets...
[[0;32m  OK  [0m] Started Authenticate and Authorize Users to Run Privileged Tasks.
[[0;32m  OK  [0m] Started Accounts Service.
[[0;32m  OK  [0m] Started OpenBSD Secure Shell server.
[[0;32m  OK  [0m] Started Login to default iSCSI targets.
[[0;32m  OK  [0m] Reached target Remote File Systems (Pre).
[[0;32m  OK  [0m] Reached target Remote File Systems.
         Starting LSB: Set the CPU Frequency Scaling governor to "ondemand"...
         Starting Permit User Sessions...
         Starting LSB: VirtualBox Linux Additions...
         Starting LSB: daemon to balance interrupts for SMP systems...
         Starting LSB: automatic crash report generation...
[[0;32m  OK  [0m] Started Permit User Sessions.
         Starting Hold until boot process finishes up...
         Starting Terminate Plymouth Boot Screen...
[[0;32m  OK  [0m] Started LSB: Set the CPU Frequency Scaling governor to "ondemand".
[[0;32m  OK  [0m] Started LSB: automatic crash report generation.
[[0;32m  OK  [0m] Started Hold until boot process finishes up.
[[0;32m  OK  [0m] Started Getty on tty1.
         Starting Set console scheme...
[[0;32m  OK  [0m] Started Serial Getty on ttyS0.
[[0;32m  OK  [0m] Reached target Login Prompts.
[[0;32m  OK  [0m] Started LSB: VirtualBox Linux Additions.
[[0;32m  OK  [0m] Started LSB: daemon to balance interrupts for SMP systems.
[[0;32m  OK  [0m] Started Terminate Plymouth Boot Screen.
[[0;32m  OK  [0m] Started Set console scheme.
[[0;32m  OK  [0m] Reached target Multi-User System.
[[0;32m  OK  [0m] Reached target Graphical Interface.
         Starting Update UTMP about System Runlevel Changes...
[[0;32m  OK  [0m] Started Update UTMP about System Runlevel Changes.
[   35.818880] cloud-init[1232]:   en_US.UTF-8... done
[   35.837959] cloud-init[1232]: Generation complete.
         Stopping OpenBSD Secure Shell server...
[[0;32m  OK  [0m] Stopped OpenBSD Secure Shell server.
         Starting OpenBSD Secure Shell server...
[[0;32m  OK  [0m] Started OpenBSD Secure Shell server.
[[0;32m  OK  [0m] Created slice User Slice of ubuntu.
         Starting User Manager for UID 1000...
[[0;32m  OK  [0m] Started User Manager for UID 1000.
[   36.231048] cloud-init[1232]: Cloud-init v. 0.7.8 running 'modules:config' at Tue, 31 Jan 2017 08:39:23 +0000. Up 34.87 seconds.
[[0;32m  OK  [0m] Started Session 1 of user ubuntu.
[[0;32m  OK  [0m] Started Apply the settings specified in cloud-config.
         Starting Execute cloud user/final scripts...
ci-info: no authorized ssh keys fingerprints found for user ubuntu.
<14>Jan 31 08:39:25 ec2: 
<14>Jan 31 08:39:25 ec2: #############################################################
<14>Jan 31 08:39:25 ec2: -----BEGIN SSH HOST KEY FINGERPRINTS-----
<14>Jan 31 08:39:25 ec2: 1024 SHA256:ZYQincZgNkuTPdFipUautPiuacmFoxoaTcn38vYt5u4 root@ubuntu-xenial (DSA)
<14>Jan 31 08:39:25 ec2: 256 SHA256:kJjQzpBKQLAjkoLABf+/6O78voHgGlakl3DyXlDwwwo root@ubuntu-xenial (ECDSA)
<14>Jan 31 08:39:25 ec2: 256 SHA256:HrdxVDls3XWFNoUL8yo+klYyPsvJvjPysbUCb9pAgkM root@ubuntu-xenial (ED25519)
<14>Jan 31 08:39:25 ec2: 2048 SHA256:YaOT/qNNbxNVREmJwT1y55bINvyp56aBylXyH4vc4oQ root@ubuntu-xenial (RSA)
<14>Jan 31 08:39:25 ec2: -----END SSH HOST KEY FINGERPRINTS-----
<14>Jan 31 08:39:25 ec2: #############################################################
-----BEGIN SSH HOST KEY KEYS-----
ecdsa-sha2-nistp256 AAAAE2VjZHNhLXNoYTItbmlzdHAyNTYAAAAIbmlzdHAyNTYAAABBBPJTbc50FpTsEAwQirb16jQfUgwXB+DyQ6BYH7fnL9y/Yl84e3RivuTVv+1I/cGI72iZwSSiHrt2fgIEm/1Chjw= root@ubuntu-xenial
ssh-ed25519 AAAAC3NzaC1lZDI1NTE5AAAAIPRL20cguUVGynXxrLekPTIWkH9rHwrYOsNRaQEIb3Il root@ubuntu-xenial
ssh-rsa AAAAB3NzaC1yc2EAAAADAQABAAABAQCm8CTwb+dtLLSdZZWUQoK6yX1RuXDt6++C/TTKttZO3nf8RIksmrjx8FlNpqZ2aqO3zkKNRJgF7hs8vfGxo0jnIADwOPVne4NK2oTb0ugPv3emCZ3j7b9qd9pVdTwKmSDBua3rBBuVeA86wLBTiGUxzSWd7BylB/75dORX4c3acpo9W91dTGlP5JGvOebsX2mFor7Ww4CBUgWGCixCGqvgViHIA1ykzumSpMoVbUyCpRL78W8WwrZUDSr0gFXoCfkgynOA/MYVFNrkL24RLrV21LM/KQIWbxxJZg9Vp0ap9g80FrwaxXtvri9FmGmYpHlc4pIovDqDAZ4z8ZWV0sUH root@ubuntu-xenial
-----END SSH HOST KEY KEYS-----
[   36.952926] cloud-init[1446]: Cloud-init v. 0.7.8 running 'modules:final' at Tue, 31 Jan 2017 08:39:25 +0000. Up 36.62 seconds.
[   37.072774] cloud-init[1446]: ci-info: no authorized ssh keys fingerprints found for user ubuntu.
[   37.072923] cloud-init[1446]: Cloud-init v. 0.7.8 finished at Tue, 31 Jan 2017 08:39:25 +0000. Datasource DataSourceNoCloud [seed=/dev/sdb][dsmode=net].  Up 36.94 seconds
[[0;32m  OK  [0m] Started Execute cloud user/final scripts.
[[0;32m  OK  [0m] Reached target Cloud-init target.

Ubuntu 16.04.1 LTS ubuntu-xenial ttyS0

ubuntu-xenial login: 